<?xml version="1.0" encoding="UTF-8"?>
<!-- Generated by org.testng.reporters.JUnitReportReporter -->
<testsuite hostname="map-PC" name="automation.cdci_auto.Login" tests="1" failures="0" timestamp="1 Sep 2017 09:42:35 GMT" time="0.020" errors="0">
  <testcase name="typeText" time="0.020" classname="automation.cdci_auto.Login"/>
</testsuite> <!-- automation.cdci_auto.Login -->
